<?xml version="1.0" encoding="UTF-8"?>
<!-- Generated by org.testng.reporters.JUnitReportReporter -->
<testsuite hostname="DESKTOP-D58LBFN" failures="0" tests="1" name="proPertiesfile.Getpropertiesforendpoint" time="5.941" errors="0" timestamp="2024-10-05T10:30:25 IST" skipped="0">
  <testcase classname="proPertiesfile.Getpropertiesforendpoint" name="get" time="5.941"/>
</testsuite> <!-- proPertiesfile.Getpropertiesforendpoint -->
