<?xml version="1.0" encoding="UTF-8"?>
<!-- Generated by org.testng.reporters.JUnitReportReporter -->
<testsuite hostname="DESKTOP-D58LBFN" failures="0" tests="1" name="For_mock.Single_user" time="7.121" errors="0" timestamp="2024-10-18T16:05:31 IST" skipped="0">
  <testcase classname="For_mock.Single_user" name="get" time="7.121"/>
</testsuite> <!-- For_mock.Single_user -->
