<?xml version="1.0" encoding="UTF-8"?>
<!-- Generated by org.testng.reporters.JUnitReportReporter -->
<testsuite hostname="DESKTOP-D58LBFN" failures="0" tests="1" name="reqresss.Allmethods" time="7.336" errors="0" timestamp="2024-10-04T14:03:34 IST" skipped="0">
  <testcase classname="reqresss.Allmethods" name="create" time="7.336"/>
</testsuite> <!-- reqresss.Allmethods -->
