<?xml version="1.0" encoding="UTF-8"?>
<!-- Generated by org.testng.reporters.JUnitReportReporter -->
<testsuite hostname="DESKTOP-D58LBFN" failures="0" tests="1" name="runnerscrpt_ProPertiesfile.Runnerscript2for_getpropertiesendpoint" time="5.552" errors="0" timestamp="2024-10-05T10:37:42 IST" skipped="0">
  <testcase classname="runnerscrpt_ProPertiesfile.Runnerscript2for_getpropertiesendpoint" name="get" time="5.552"/>
</testsuite> <!-- runnerscrpt_ProPertiesfile.Runnerscript2for_getpropertiesendpoint -->
