<?xml version="1.0" encoding="UTF-8"?>
<!-- Generated by org.testng.reporters.JUnitReportReporter -->
<testsuite hostname="DESKTOP-D58LBFN" failures="0" tests="1" name="For_mock.Runnercls" time="11.206" errors="0" timestamp="2024-10-19T12:47:24 IST" skipped="0">
  <testcase classname="For_mock.Runnercls" name="log" time="11.206"/>
</testsuite> <!-- For_mock.Runnercls -->
