<?xml version="1.0" encoding="UTF-8"?>
<!-- Generated by org.testng.reporters.JUnitReportReporter -->
<testsuite hostname="DESKTOP-D58LBFN" failures="0" tests="2" name="gerKINpra2.GetndPoSt" time="7.587" errors="0" timestamp="2024-10-03T12:57:48 IST" skipped="0">
  <testcase classname="gerKINpra2.GetndPoSt" name="post" time="0.872"/>
  <testcase classname="gerKINpra2.GetndPoSt" name="get" time="6.715"/>
</testsuite> <!-- gerKINpra2.GetndPoSt -->
