<?xml version="1.0" encoding="UTF-8"?>
<!-- Generated by org.testng.reporters.JUnitReportReporter -->
<testsuite hostname="DESKTOP-D58LBFN" failures="0" tests="1" name="reqresss.Get_Testannotation" time="9.596" errors="0" timestamp="2024-10-04T18:47:09 IST" skipped="0">
  <testcase classname="reqresss.Get_Testannotation" name="get" time="9.596"/>
</testsuite> <!-- reqresss.Get_Testannotation -->
