<?xml version="1.0" encoding="UTF-8"?>
<!-- Generated by org.testng.reporters.JUnitReportReporter -->
<testsuite hostname="DESKTOP-D58LBFN" failures="0" tests="1" name="Forpractice.CRUD_operation" time="15.251" errors="0" timestamp="2024-10-17T20:06:42 IST" skipped="0">
  <testcase classname="Forpractice.CRUD_operation" name="post" time="15.251"/>
</testsuite> <!-- Forpractice.CRUD_operation -->
