<?xml version="1.0" encoding="UTF-8"?>
<!-- Generated by org.testng.reporters.JUnitReportReporter -->
<testsuite hostname="DESKTOP-D58LBFN" failures="0" tests="1" name="spec_Builder.List_forget" time="12.344" errors="0" timestamp="2024-10-10T10:46:03 IST" skipped="0">
  <testcase classname="spec_Builder.List_forget" name="get" time="12.344"/>
</testsuite> <!-- spec_Builder.List_forget -->
