<?xml version="1.0" encoding="UTF-8"?>
<!-- Generated by org.testng.reporters.JUnitReportReporter -->
<testsuite hostname="DESKTOP-D58LBFN" failures="0" tests="1" name="Gherkin.Get" time="6.689" errors="0" timestamp="2024-10-03T12:49:28 IST" skipped="0">
  <testcase classname="Gherkin.Get" name="get" time="6.689"/>
</testsuite> <!-- Gherkin.Get -->
