<?xml version="1.0" encoding="UTF-8"?>
<!-- Generated by org.testng.reporters.JUnitReportReporter -->
<testsuite hostname="DESKTOP-D58LBFN" failures="0" tests="1" name="Assertionverify_SHopperstack.All" time="7.066" errors="0" timestamp="2024-10-07T12:52:57 IST" skipped="0">
  <testcase classname="Assertionverify_SHopperstack.All" name="post" time="7.066"/>
</testsuite> <!-- Assertionverify_SHopperstack.All -->
