<?xml version="1.0" encoding="UTF-8"?>
<!-- Generated by org.testng.reporters.JUnitReportReporter -->
<testsuite hostname="DESKTOP-D58LBFN" failures="0" tests="1" name="shopperusingGERKIN_pra2.All" time="9.944" errors="0" timestamp="2024-10-07T12:16:41 IST" skipped="0">
  <testcase classname="shopperusingGERKIN_pra2.All" name="forgotpwd" time="9.944"/>
</testsuite> <!-- shopperusingGERKIN_pra2.All -->
