<?xml version="1.0" encoding="UTF-8"?>
<!-- Generated by org.testng.reporters.JUnitReportReporter -->
<testsuite hostname="DESKTOP-D58LBFN" failures="0" tests="1" name="For_mock.Runnerclsforspec" time="14.559" errors="0" timestamp="2024-10-19T13:19:24 IST" skipped="0">
  <testcase classname="For_mock.Runnerclsforspec" name="get" time="14.559"/>
</testsuite> <!-- For_mock.Runnerclsforspec -->
