<?xml version="1.0" encoding="UTF-8"?>
<!-- Generated by org.testng.reporters.JUnitReportReporter -->
<testsuite hostname="DESKTOP-D58LBFN" failures="0" tests="1" name="For_mock.Runnerforpropertyfile" time="38.316" errors="0" timestamp="2024-10-19T13:47:53 IST" skipped="0">
  <testcase classname="For_mock.Runnerforpropertyfile" name="get" time="38.316"/>
</testsuite> <!-- For_mock.Runnerforpropertyfile -->
