<?xml version="1.0" encoding="UTF-8"?>
<!-- Generated by org.testng.reporters.JUnitReportReporter -->
<testsuite hostname="DESKTOP-D58LBFN" failures="0" tests="1" name="pOJO2_for_createShpr.Runnercls_postcreate" time="8.499" errors="0" timestamp="2024-10-14T11:06:28 IST" skipped="0">
  <testcase classname="pOJO2_for_createShpr.Runnercls_postcreate" name="post" time="8.499"/>
</testsuite> <!-- pOJO2_for_createShpr.Runnercls_postcreate -->
