<?xml version="1.0" encoding="UTF-8"?>
<!-- Generated by org.testng.reporters.JUnitReportReporter -->
<testsuite hostname="DESKTOP-D58LBFN" failures="0" tests="1" name="For_mock.Mock" time="12.942" errors="0" timestamp="2024-10-23T10:58:29 IST" skipped="0">
  <testcase classname="For_mock.Mock" name="postshop" time="12.942"/>
</testsuite> <!-- For_mock.Mock -->
