<?xml version="1.0" encoding="UTF-8"?>
<!-- Generated by org.testng.reporters.JUnitReportReporter -->
<testsuite hostname="DESKTOP-D58LBFN" failures="0" tests="1" name="RestAssured.All" time="6.125" errors="0" timestamp="2024-10-22T10:46:20 IST" skipped="0">
  <testcase classname="RestAssured.All" name="post2" time="6.125"/>
</testsuite> <!-- RestAssured.All -->
