<?xml version="1.0" encoding="UTF-8"?>
<!-- Generated by org.testng.reporters.JUnitReportReporter -->
<testsuite hostname="DESKTOP-D58LBFN" failures="0" tests="1" name="shopperusingGERKIN.Get" time="9.089" errors="0" timestamp="2024-10-03T09:57:53 IST" skipped="0">
  <testcase classname="shopperusingGERKIN.Get" name="get" time="9.089"/>
</testsuite> <!-- shopperusingGERKIN.Get -->
