<?xml version="1.0" encoding="UTF-8"?>
<!-- Generated by org.testng.reporters.JUnitReportReporter -->
<testsuite hostname="DESKTOP-D58LBFN" failures="0" tests="1" name="Pojomockapi.Runnerclass" time="8.575" errors="0" timestamp="2024-10-23T11:10:25 IST" skipped="0">
  <testcase classname="Pojomockapi.Runnerclass" name="get" time="8.575"/>
</testsuite> <!-- Pojomockapi.Runnerclass -->
