<?xml version="1.0" encoding="UTF-8"?>
<!-- Generated by org.testng.reporters.JUnitReportReporter -->
<testsuite hostname="DESKTOP-D58LBFN" failures="0" tests="1" name="spec_Builder.Single_user" time="11.478" errors="0" timestamp="2024-10-10T11:07:59 IST" skipped="0">
  <testcase classname="spec_Builder.Single_user" name="sing" time="11.478"/>
</testsuite> <!-- spec_Builder.Single_user -->
