<?xml version="1.0" encoding="UTF-8"?>
<!-- Generated by org.testng.reporters.JUnitReportReporter -->
<testsuite hostname="DESKTOP-D58LBFN" failures="0" tests="1" name="Forpractice.Runnercls3" time="8.117" errors="0" timestamp="2024-10-22T12:11:52 IST" skipped="0">
  <testcase classname="Forpractice.Runnercls3" name="get" time="8.117"/>
</testsuite> <!-- Forpractice.Runnercls3 -->
