<?xml version="1.0" encoding="UTF-8"?>
<!-- Generated by org.testng.reporters.JUnitReportReporter -->
<testsuite hostname="DESKTOP-D58LBFN" failures="0" tests="1" name="For_mock.CRUD_operationGERKIN" time="7.647" errors="0" timestamp="2024-10-19T18:17:09 IST" skipped="0">
  <testcase classname="For_mock.CRUD_operationGERKIN" name="put" time="7.647"/>
</testsuite> <!-- For_mock.CRUD_operationGERKIN -->
