<?xml version="1.0" encoding="UTF-8"?>
<!-- Generated by org.testng.reporters.JUnitReportReporter -->
<testsuite hostname="DESKTOP-D58LBFN" failures="0" tests="1" name="shopperusingGERKIN.shopper_login" time="10.704" errors="0" timestamp="2024-10-03T09:55:10 IST" skipped="0">
  <testcase classname="shopperusingGERKIN.shopper_login" name="post" time="10.704"/>
</testsuite> <!-- shopperusingGERKIN.shopper_login -->
