<?xml version="1.0" encoding="UTF-8"?>
<!-- Generated by org.testng.reporters.JUnitReportReporter -->
<testsuite hostname="DESKTOP-D58LBFN" failures="0" tests="1" name="shopperstack_Propertiesfile.Create_ac_fetchurlandendpoint" time="6.636" errors="0" timestamp="2024-10-07T10:33:02 IST" skipped="0">
  <testcase classname="shopperstack_Propertiesfile.Create_ac_fetchurlandendpoint" name="runnerpost" time="6.636"/>
</testsuite> <!-- shopperstack_Propertiesfile.Create_ac_fetchurlandendpoint -->
