<?xml version="1.0" encoding="UTF-8"?>
<!-- Generated by org.testng.reporters.JUnitReportReporter -->
<testsuite hostname="DESKTOP-D58LBFN" failures="0" tests="1" name="shopperstack_Propertiesfile.Create_AC" time="6.621" errors="0" timestamp="2024-10-07T10:25:39 IST" skipped="0">
  <testcase classname="shopperstack_Propertiesfile.Create_AC" name="runnerpost" time="6.621"/>
</testsuite> <!-- shopperstack_Propertiesfile.Create_AC -->
