<?xml version="1.0" encoding="UTF-8"?>
<!-- Generated by org.testng.reporters.JUnitReportReporter -->
<testsuite hostname="DESKTOP-D58LBFN" failures="0" tests="1" name="shopperusingGERKIN.patch_update" time="9.510" errors="0" timestamp="2024-10-03T11:47:01 IST" skipped="0">
  <testcase classname="shopperusingGERKIN.patch_update" name="login" time="9.510"/>
</testsuite> <!-- shopperusingGERKIN.patch_update -->
