<?xml version="1.0" encoding="UTF-8"?>
<!-- Generated by org.testng.reporters.JUnitReportReporter -->
<testsuite hostname="DESKTOP-D58LBFN" failures="0" tests="1" name="pOJO.Runnerclass" time="8.583" errors="0" timestamp="2024-10-18T15:24:15 IST" skipped="0">
  <testcase classname="pOJO.Runnerclass" name="get" time="8.583"/>
</testsuite> <!-- pOJO.Runnerclass -->
