<?xml version="1.0" encoding="UTF-8"?>
<!-- Generated by org.testng.reporters.JUnitReportReporter -->
<testsuite hostname="DESKTOP-D58LBFN" failures="0" tests="1" name="shopperusingGERKIN.forgotpwd" time="17.995" errors="0" timestamp="2024-10-03T11:34:11 IST" skipped="0">
  <testcase classname="shopperusingGERKIN.forgotpwd" name="pwd" time="17.995"/>
</testsuite> <!-- shopperusingGERKIN.forgotpwd -->
