<?xml version="1.0" encoding="UTF-8"?>
<!-- Generated by org.testng.reporters.JUnitReportReporter -->
<testsuite hostname="DESKTOP-D58LBFN" failures="0" tests="1" name="basic.emptybrowser" time="167.696" errors="0" timestamp="2024-10-17T16:49:05 IST" skipped="0">
  <testcase classname="basic.emptybrowser" name="launch" time="167.696"/>
</testsuite> <!-- basic.emptybrowser -->
