<?xml version="1.0" encoding="UTF-8"?>
<!-- Generated by org.testng.reporters.JUnitReportReporter -->
<testsuite hostname="DESKTOP-D58LBFN" failures="0" tests="1" name="aPISCRIPTS.Getshooperdata" time="6.916" errors="0" timestamp="2024-10-29T11:45:59 IST" skipped="0">
  <testcase classname="aPISCRIPTS.Getshooperdata" name="log" time="6.916"/>
</testsuite> <!-- aPISCRIPTS.Getshooperdata -->
