<?xml version="1.0" encoding="UTF-8"?>
<!-- Generated by org.testng.reporters.JUnitReportReporter -->
<testsuite hostname="DESKTOP-D58LBFN" failures="0" tests="1" name="aPISCRIPTS.Loginshopper" time="10.576" errors="0" timestamp="2024-10-29T11:35:16 IST" skipped="0">
  <testcase classname="aPISCRIPTS.Loginshopper" name="login" time="10.576"/>
</testsuite> <!-- aPISCRIPTS.Loginshopper -->
