<?xml version="1.0" encoding="UTF-8"?>
<!-- Generated by org.testng.reporters.JUnitReportReporter -->
<testsuite hostname="DESKTOP-D58LBFN" failures="0" tests="1" name="aPISCRIPTS.Createshopper" time="11.067" errors="0" timestamp="2024-10-29T10:50:16 IST" skipped="0">
  <testcase classname="aPISCRIPTS.Createshopper" name="Create" time="11.067"/>
</testsuite> <!-- aPISCRIPTS.Createshopper -->
