<?xml version="1.0" encoding="UTF-8"?>
<!-- Generated by org.testng.reporters.JUnitReportReporter -->
<testsuite hostname="DESKTOP-D58LBFN" failures="0" tests="1" name="pom_runnerscript.Pom_runner" time="16.953" errors="0" timestamp="2024-09-30T12:33:38 IST" skipped="0">
  <testcase classname="pom_runnerscript.Pom_runner" name="logincheck" time="16.953"/>
  <system-out/>
</testsuite> <!-- pom_runnerscript.Pom_runner -->
