<?xml version="1.0" encoding="UTF-8"?>
<!-- Generated by org.testng.reporters.JUnitReportReporter -->
<testsuite hostname="DESKTOP-D58LBFN" failures="0" tests="2" name="Demo.Demo1" time="0.051" errors="0" timestamp="2024-10-17T17:17:10 IST" skipped="0">
  <testcase classname="Demo.Demo1" name="test1" time="0.037"/>
  <system-out>
    <![CDATA[hello everyone]]>
  </system-out>
  <testcase classname="Demo.Demo1" name="test2" time="0.014"/>
  <system-out>
    <![CDATA[hi every]]>
  </system-out>
</testsuite> <!-- Demo.Demo1 -->
