<?xml version="1.0" encoding="UTF-8"?>
<!-- Generated by org.testng.reporters.JUnitReportReporter -->
<testsuite hostname="DESKTOP-D58LBFN" failures="0" tests="2" name="testNGprgm.demo1" time="0.049" errors="0" timestamp="2024-09-17T11:10:31 IST" skipped="0">
  <testcase classname="testNGprgm.demo1" name="test" time="0.043"/>
  <system-out>
    <![CDATA[love india]]>
  </system-out>
  <testcase classname="testNGprgm.demo1" name="test1" time="0.006"/>
  <system-out>
    <![CDATA[hi india]]>
  </system-out>
</testsuite> <!-- testNGprgm.demo1 -->
