<?xml version="1.0" encoding="UTF-8"?>
<!-- Generated by org.testng.reporters.JUnitReportReporter -->
<testsuite hostname="DESKTOP-D58LBFN" failures="0" tests="2" name="testNGprgm.Priority" time="0.033" errors="0" timestamp="2024-09-21T12:13:03 IST" skipped="0">
  <testcase classname="testNGprgm.Priority" name="test2" time="0.029"/>
  <system-out/>
  <testcase classname="testNGprgm.Priority" name="test1" time="0.004"/>
  <system-out/>
</testsuite> <!-- testNGprgm.Priority -->
