<?xml version="1.0" encoding="UTF-8"?>
<!-- Generated by org.testng.reporters.JUnitReportReporter -->
<testsuite hostname="DESKTOP-D58LBFN" failures="0" tests="1" name="testNGprgm.Facebook" time="18.035" errors="0" timestamp="2024-09-13T12:57:14 IST" skipped="0">
  <testcase classname="testNGprgm.Facebook" name="login" time="18.035"/>
  <system-out/>
</testsuite> <!-- testNGprgm.Facebook -->
