<?xml version="1.0" encoding="UTF-8"?>
<!-- Generated by org.testng.reporters.JUnitReportReporter -->
<testsuite hostname="DESKTOP-D58LBFN" failures="0" tests="2" name="Assertion_inTESTNG.SoftAssertt" time="33.309" errors="0" timestamp="2024-09-25T12:57:49 IST" skipped="0">
  <testcase classname="Assertion_inTESTNG.SoftAssertt" name="data1" time="15.708"/>
  <system-out/>
  <testcase classname="Assertion_inTESTNG.SoftAssertt" name="data" time="17.601"/>
  <system-out/>
</testsuite> <!-- Assertion_inTESTNG.SoftAssertt -->
