<?xml version="1.0" encoding="UTF-8"?>
<!-- Generated by org.testng.reporters.JUnitReportReporter -->
<testsuite hostname="DESKTOP-D58LBFN" failures="0" tests="1" name="qsp1.San1" time="0.012" errors="0" timestamp="2024-09-21T12:44:00 IST" skipped="0">
  <testcase classname="qsp1.San1" name="test1" time="0.012"/>
  <system-out>
    <![CDATA[hello everyone]]>
  </system-out>
</testsuite> <!-- qsp1.San1 -->
