<?xml version="1.0" encoding="UTF-8"?>
<!-- Generated by org.testng.reporters.JUnitReportReporter -->
<testsuite hostname="DESKTOP-D58LBFN" failures="0" tests="4" name="testNGprgm.Invocation_count" time="0.072" errors="0" timestamp="2024-09-21T12:15:49 IST" skipped="0">
  <testcase classname="testNGprgm.Invocation_count" name="test2" time="0.044"/>
  <system-out/>
  <testcase classname="testNGprgm.Invocation_count" name="test1" time="0.007"/>
  <system-out/>
  <testcase classname="testNGprgm.Invocation_count" name="test1" time="0.006"/>
  <system-out/>
  <testcase classname="testNGprgm.Invocation_count" name="test1" time="0.015"/>
  <system-out/>
</testsuite> <!-- testNGprgm.Invocation_count -->
