<?xml version="1.0" encoding="UTF-8"?>
<!-- Generated by org.testng.reporters.JUnitReportReporter -->
<testsuite hostname="DESKTOP-D58LBFN" failures="0" tests="1" name="qsp2.San4" time="0.032" errors="0" timestamp="2024-09-21T12:44:00 IST" skipped="0">
  <testcase classname="qsp2.San4" name="test2" time="0.032"/>
  <system-out>
    <![CDATA[hi every one]]>
  </system-out>
</testsuite> <!-- qsp2.San4 -->
