<?xml version="1.0" encoding="UTF-8"?>
<!-- Generated by org.testng.reporters.JUnitReportReporter -->
<testsuite hostname="DESKTOP-D58LBFN" failures="0" tests="1" name="Demo.Demo2" time="0.042" errors="0" timestamp="2024-10-17T17:20:23 IST" skipped="0">
  <testcase classname="Demo.Demo2" name="test3" time="0.042"/>
  <system-out>
    <![CDATA[hi]]>
  </system-out>
</testsuite> <!-- Demo.Demo2 -->
