<?xml version="1.0" encoding="UTF-8"?>
<!-- Generated by org.testng.reporters.JUnitReportReporter -->
<testsuite hostname="DESKTOP-D58LBFN" failures="0" tests="3" name="testNGprgm.Priorityusingfb" time="59.437" errors="0" timestamp="2024-09-21T12:28:47 IST" skipped="0">
  <testcase classname="testNGprgm.Priorityusingfb" name="login" time="13.687"/>
  <system-out/>
  <testcase classname="testNGprgm.Priorityusingfb" name="login2" time="15.484"/>
  <system-out/>
  <testcase classname="testNGprgm.Priorityusingfb" name="login3" time="30.266"/>
  <system-out/>
</testsuite> <!-- testNGprgm.Priorityusingfb -->
