<?xml version="1.0" encoding="UTF-8"?>
<!-- Generated by org.testng.reporters.JUnitReportReporter -->
<testsuite hostname="DESKTOP-D58LBFN" failures="0" tests="3" name="testNGprgm.Invocation_countfb" time="52.923" errors="0" timestamp="2024-09-21T12:35:56 IST" skipped="0">
  <testcase classname="testNGprgm.Invocation_countfb" name="login3" time="20.376"/>
  <system-out/>
  <testcase classname="testNGprgm.Invocation_countfb" name="login2" time="14.935"/>
  <system-out/>
  <testcase classname="testNGprgm.Invocation_countfb" name="login" time="17.612"/>
  <system-out/>
</testsuite> <!-- testNGprgm.Invocation_countfb -->
