<?xml version="1.0" encoding="UTF-8"?>
<!-- Generated by org.testng.reporters.JUnitReportReporter -->
<testsuite hostname="DESKTOP-D58LBFN" failures="0" tests="1" name="Assertion_inTESTNG.Assert" time="15.839" errors="0" timestamp="2024-09-25T12:37:39 IST" skipped="0">
  <testcase classname="Assertion_inTESTNG.Assert" name="data" time="15.839"/>
  <system-out/>
</testsuite> <!-- Assertion_inTESTNG.Assert -->
