<?xml version="1.0" encoding="UTF-8"?>
<!-- Generated by org.testng.reporters.JUnitReportReporter -->
<testsuite hostname="DESKTOP-D58LBFN" failures="0" tests="1" name="Generic_scriptinTESTNG.Runnerscript" time="9.760" errors="0" timestamp="2024-09-30T15:34:34 IST" skipped="0">
  <testcase classname="Generic_scriptinTESTNG.Runnerscript" name="runscript" time="9.760"/>
  <system-out/>
</testsuite> <!-- Generic_scriptinTESTNG.Runnerscript -->
