<?xml version="1.0" encoding="UTF-8"?>
<!-- Generated by org.testng.reporters.JUnitReportReporter -->
<testsuite hostname="DESKTOP-D58LBFN" failures="0" tests="5" name="testNGprgm.Invocation_countinfb" time="107.139" errors="0" timestamp="2024-09-21T12:48:30 IST" skipped="0">
  <testcase classname="testNGprgm.Invocation_countinfb" name="login3" time="18.373"/>
  <system-out/>
  <testcase classname="testNGprgm.Invocation_countinfb" name="login2" time="14.040"/>
  <system-out/>
  <testcase classname="testNGprgm.Invocation_countinfb" name="login" time="16.236"/>
  <system-out/>
  <testcase classname="testNGprgm.Invocation_countinfb" name="login" time="27.322"/>
  <system-out/>
  <testcase classname="testNGprgm.Invocation_countinfb" name="login" time="31.168"/>
  <system-out/>
</testsuite> <!-- testNGprgm.Invocation_countinfb -->
