<?xml version="1.0" encoding="UTF-8"?>
<!-- Generated by org.testng.reporters.JUnitReportReporter -->
<testsuite hostname="DESKTOP-D58LBFN" failures="0" tests="1" name="qsp1.San2" time="0.009" errors="0" timestamp="2024-09-21T12:44:00 IST" skipped="0">
  <testcase classname="qsp1.San2" name="test2" time="0.009"/>
  <system-out>
    <![CDATA[hi every]]>
  </system-out>
</testsuite> <!-- qsp1.San2 -->
