<?xml version="1.0" encoding="UTF-8"?>
<!-- Generated by org.testng.reporters.JUnitReportReporter -->
<testsuite hostname="DESKTOP-D58LBFN" failures="0" tests="3" name="testNGprgm.Priority_countfb" time="48.146" errors="0" timestamp="2024-09-21T12:39:24 IST" skipped="0">
  <testcase classname="testNGprgm.Priority_countfb" name="login3" time="17.372"/>
  <system-out/>
  <testcase classname="testNGprgm.Priority_countfb" name="login2" time="14.407"/>
  <system-out/>
  <testcase classname="testNGprgm.Priority_countfb" name="login" time="16.367"/>
  <system-out/>
</testsuite> <!-- testNGprgm.Priority_countfb -->
