<?xml version="1.0" encoding="UTF-8"?>
<!-- Generated by org.testng.reporters.JUnitReportReporter -->
<testsuite hostname="DESKTOP-D58LBFN" failures="0" tests="3" name="testNGprgm.Enable_inFB" time="35.453" errors="0" timestamp="2024-09-21T12:57:58 IST" skipped="1">
  <testcase classname="testNGprgm.Enable_inFB" name="login2" time="17.920"/>
  <system-out/>
  <testcase classname="testNGprgm.Enable_inFB" name="login3" time="17.533"/>
  <system-out/>
  <testcase classname="testNGprgm.Enable_inFB" name="login">
    <skipped/>
  </testcase> <!-- login -->
  <system-out/>
</testsuite> <!-- testNGprgm.Enable_inFB -->
