<?xml version="1.0" encoding="UTF-8"?>
<!-- Generated by org.testng.reporters.JUnitReportReporter -->
<testsuite hostname="DESKTOP-D58LBFN" failures="0" tests="2" name="testNG.demo1" time="0.081" errors="0" timestamp="2024-09-13T12:17:45 IST" skipped="0">
  <testcase classname="testNG.demo1" name="test1" time="0.011"/>
  <system-out>
    <![CDATA[hi india]]>
  </system-out>
  <testcase classname="testNG.demo1" name="test" time="0.070"/>
  <system-out>
    <![CDATA[love india]]>
  </system-out>
</testsuite> <!-- testNG.demo1 -->
