<?xml version="1.0" encoding="UTF-8"?>
<!-- Generated by org.testng.reporters.JUnitReportReporter -->
<testsuite hostname="DESKTOP-D58LBFN" failures="0" tests="1" name="testNG.Facebook" time="19.167" errors="0" timestamp="2024-09-13T12:46:59 IST" skipped="0">
  <testcase classname="testNG.Facebook" name="login" time="19.167"/>
  <system-out/>
</testsuite> <!-- testNG.Facebook -->
