<?xml version="1.0" encoding="UTF-8"?>
<!-- Generated by org.testng.reporters.JUnitReportReporter -->
<testsuite hostname="DESKTOP-D58LBFN" failures="0" tests="1" name="Generic_scriptinTESTNG.Runnerscript" time="12.391" errors="0" timestamp="2024-09-25T16:45:23 IST" skipped="0">
  <testcase classname="Generic_scriptinTESTNG.Runnerscript" name="runscript" time="12.391"/>
  <system-out/>
</testsuite> <!-- Generic_scriptinTESTNG.Runnerscript -->
