<?xml version="1.0" encoding="UTF-8"?>
<!-- Generated by org.testng.reporters.JUnitReportReporter -->
<testsuite hostname="DESKTOP-D58LBFN" failures="0" tests="4" name="groups_santhoshsir.Class3" time="0.023" errors="0" timestamp="2024-10-04T14:57:06 IST" skipped="0">
  <testcase classname="groups_santhoshsir.Class3" name="TC04" time="0.007"/>
  <system-out/>
  <testcase classname="groups_santhoshsir.Class3" name="TC03" time="0.004"/>
  <system-out/>
  <testcase classname="groups_santhoshsir.Class3" name="TC02" time="0.008"/>
  <system-out/>
  <testcase classname="groups_santhoshsir.Class3" name="TC01" time="0.004"/>
  <system-out/>
</testsuite> <!-- groups_santhoshsir.Class3 -->
