<?xml version="1.0" encoding="UTF-8"?>
<!-- Generated by org.testng.reporters.JUnitReportReporter -->
<testsuite hostname="DESKTOP-D58LBFN" failures="0" tests="2" name="runnerscript.Fliprunner2" time="72.773" errors="0" timestamp="2024-10-01T20:35:29 IST" skipped="0">
  <testcase classname="runnerscript.Fliprunner2" name="sceno2" time="37.185"/>
  <system-out/>
  <testcase classname="runnerscript.Fliprunner2" name="sceno1" time="35.588"/>
  <system-out/>
</testsuite> <!-- runnerscript.Fliprunner2 -->
