<?xml version="1.0" encoding="UTF-8"?>
<!-- Generated by org.testng.reporters.JUnitReportReporter -->
<testsuite hostname="DESKTOP-D58LBFN" failures="0" tests="4" name="runnerscript.Runnerfornaukari_Dataprovider" time="65.056" errors="0" timestamp="2024-10-05T15:06:13 IST" skipped="0">
  <testcase classname="runnerscript.Runnerfornaukari_Dataprovider" name="test1" time="13.191"/>
  <system-out/>
  <testcase classname="runnerscript.Runnerfornaukari_Dataprovider" name="test1" time="17.406"/>
  <system-out/>
  <testcase classname="runnerscript.Runnerfornaukari_Dataprovider" name="test1" time="18.332"/>
  <system-out/>
  <testcase classname="runnerscript.Runnerfornaukari_Dataprovider" name="test1" time="16.127"/>
  <system-out/>
</testsuite> <!-- runnerscript.Runnerfornaukari_Dataprovider -->
