<?xml version="1.0" encoding="UTF-8"?>
<!-- Generated by org.testng.reporters.JUnitReportReporter -->
<testsuite hostname="DESKTOP-D58LBFN" failures="0" tests="4" name="groups_santhoshsir.Class1" time="0.089" errors="0" timestamp="2024-10-04T14:57:05 IST" skipped="0">
  <testcase classname="groups_santhoshsir.Class1" name="TC02" time="0.018"/>
  <system-out/>
  <testcase classname="groups_santhoshsir.Class1" name="TC03" time="0.023"/>
  <system-out/>
  <testcase classname="groups_santhoshsir.Class1" name="TC01" time="0.043"/>
  <system-out/>
  <testcase classname="groups_santhoshsir.Class1" name="TC04" time="0.005"/>
  <system-out/>
</testsuite> <!-- groups_santhoshsir.Class1 -->
