<?xml version="1.0" encoding="UTF-8"?>
<!-- Generated by org.testng.reporters.JUnitReportReporter -->
<testsuite hostname="DESKTOP-D58LBFN" failures="0" tests="4" name="groups.Homepage" time="0.086" errors="0" timestamp="2024-10-04T14:03:20 IST" skipped="0">
  <testcase classname="groups.Homepage" name="TC04" time="0.013"/>
  <system-out/>
  <testcase classname="groups.Homepage" name="TC02" time="0.015"/>
  <system-out/>
  <testcase classname="groups.Homepage" name="TC03" time="0.020"/>
  <system-out/>
  <testcase classname="groups.Homepage" name="TC01" time="0.038"/>
  <system-out/>
</testsuite> <!-- groups.Homepage -->
