<?xml version="1.0" encoding="UTF-8"?>
<!-- Generated by org.testng.reporters.JUnitReportReporter -->
<testsuite hostname="DESKTOP-D58LBFN" failures="0" tests="4" name="groups.Signup" time="0.063" errors="0" timestamp="2024-10-04T14:03:20 IST" skipped="0">
  <testcase classname="groups.Signup" name="TC02" time="0.021"/>
  <system-out/>
  <testcase classname="groups.Signup" name="TC01" time="0.009"/>
  <system-out/>
  <testcase classname="groups.Signup" name="TC04" time="0.014"/>
  <system-out/>
  <testcase classname="groups.Signup" name="TC03" time="0.019"/>
  <system-out/>
</testsuite> <!-- groups.Signup -->
