<?xml version="1.0" encoding="UTF-8"?>
<!-- Generated by org.testng.reporters.JUnitReportReporter -->
<testsuite hostname="DESKTOP-D58LBFN" failures="0" tests="3" name="dataPROVIDER.dataproviderINSTA" time="36.616" errors="0" timestamp="2024-10-04T16:01:41 IST" skipped="0">
  <testcase classname="dataPROVIDER.dataproviderINSTA" name="test1" time="11.144"/>
  <system-out/>
  <testcase classname="dataPROVIDER.dataproviderINSTA" name="test1" time="13.837"/>
  <system-out/>
  <testcase classname="dataPROVIDER.dataproviderINSTA" name="test1" time="11.635"/>
  <system-out/>
</testsuite> <!-- dataPROVIDER.dataproviderINSTA -->
