<?xml version="1.0" encoding="UTF-8"?>
<!-- Generated by org.testng.reporters.JUnitReportReporter -->
<testsuite hostname="DESKTOP-D58LBFN" failures="0" tests="1" name="groups.Login" time="0.007" errors="0" timestamp="2024-10-04T07:36:25 IST" skipped="0">
  <testcase classname="groups.Login" name="TC02" time="0.007"/>
  <system-out/>
</testsuite> <!-- groups.Login -->
