<?xml version="1.0" encoding="UTF-8"?>
<!-- Generated by org.testng.reporters.JUnitReportReporter -->
<testsuite hostname="DESKTOP-D58LBFN" failures="0" tests="4" name="groups_santhoshsir.Class4" time="0.070" errors="0" timestamp="2024-10-04T15:01:55 IST" skipped="0">
  <testcase classname="groups_santhoshsir.Class4" name="TC04" time="0.013"/>
  <system-out/>
  <testcase classname="groups_santhoshsir.Class4" name="TC01" time="0.042"/>
  <system-out/>
  <testcase classname="groups_santhoshsir.Class4" name="TC03" time="0.008"/>
  <system-out/>
  <testcase classname="groups_santhoshsir.Class4" name="TC02" time="0.007"/>
  <system-out/>
</testsuite> <!-- groups_santhoshsir.Class4 -->
