<?xml version="1.0" encoding="UTF-8"?>
<!-- Generated by org.testng.reporters.JUnitReportReporter -->
<testsuite hostname="DESKTOP-D58LBFN" failures="0" tests="2" name="dataPROVIDER.Dataprov" time="17.882" errors="0" timestamp="2024-10-04T15:46:44 IST" skipped="0">
  <testcase classname="dataPROVIDER.Dataprov" name="test1" time="9.436"/>
  <system-out/>
  <testcase classname="dataPROVIDER.Dataprov" name="test1" time="8.446"/>
  <system-out/>
</testsuite> <!-- dataPROVIDER.Dataprov -->
