<?xml version="1.0" encoding="UTF-8"?>
<!-- Generated by org.testng.reporters.JUnitReportReporter -->
<testsuite hostname="DESKTOP-D58LBFN" failures="0" tests="4" name="groups_santhoshsir.Class2" time="0.083" errors="0" timestamp="2024-10-04T14:57:06 IST" skipped="0">
  <testcase classname="groups_santhoshsir.Class2" name="TC02" time="0.015"/>
  <system-out/>
  <testcase classname="groups_santhoshsir.Class2" name="TC04" time="0.019"/>
  <system-out/>
  <testcase classname="groups_santhoshsir.Class2" name="TC01" time="0.028"/>
  <system-out/>
  <testcase classname="groups_santhoshsir.Class2" name="TC03" time="0.021"/>
  <system-out/>
</testsuite> <!-- groups_santhoshsir.Class2 -->
